0 info it worked if it ends with ok
<<<<<<< HEAD
1 verbose cli [ '/usr/local/Cellar/node/7.4.0/bin/node',
1 verbose cli   '/usr/local/bin/npm',
1 verbose cli   'start' ]
2 info using npm@4.0.5
3 info using node@v7.4.0
4 verbose run-script [ 'prestart', 'start', 'poststart' ]
5 info lifecycle decode@~prestart: decode@
6 silly lifecycle decode@~prestart: no script for prestart, continuing
7 info lifecycle decode@~start: decode@
8 verbose lifecycle decode@~start: unsafe-perm in lifecycle true
9 verbose lifecycle decode@~start: PATH: /usr/local/lib/node_modules/npm/bin/node-gyp-bin:/Users/evanfarrell/Dropbox/Decode/project-apr-2017/node_modules/.bin:/usr/local/bin:/usr/bin:/bin:/usr/sbin:/sbin:/Applications/Postgres.app/Contents/Versions/latest/bin:/Library/TeX/texbin
10 verbose lifecycle decode@~start: CWD: /Users/evanfarrell/Dropbox/Decode/project-apr-2017
11 silly lifecycle decode@~start: Args: [ '-c', 'node server.js' ]
12 silly lifecycle decode@~start: Returned: code: 1  signal: null
13 info lifecycle decode@~start: Failed to exec start script
14 verbose stack Error: decode@ start: `node server.js`
14 verbose stack Exit status 1
14 verbose stack     at EventEmitter.<anonymous> (/usr/local/lib/node_modules/npm/lib/utils/lifecycle.js:279:16)
14 verbose stack     at emitTwo (events.js:106:13)
14 verbose stack     at EventEmitter.emit (events.js:191:7)
14 verbose stack     at ChildProcess.<anonymous> (/usr/local/lib/node_modules/npm/lib/utils/spawn.js:40:14)
14 verbose stack     at emitTwo (events.js:106:13)
14 verbose stack     at ChildProcess.emit (events.js:191:7)
14 verbose stack     at maybeClose (internal/child_process.js:885:16)
14 verbose stack     at Process.ChildProcess._handle.onexit (internal/child_process.js:226:5)
15 verbose pkgid decode@
16 verbose cwd /Users/evanfarrell/Dropbox/Decode/project-apr-2017
17 error Darwin 16.4.0
18 error argv "/usr/local/Cellar/node/7.4.0/bin/node" "/usr/local/bin/npm" "start"
19 error node v7.4.0
20 error npm  v4.0.5
21 error code ELIFECYCLE
22 error decode@ start: `node server.js`
22 error Exit status 1
23 error Failed at the decode@ start script 'node server.js'.
23 error Make sure you have the latest version of node.js and npm installed.
23 error If you do, this is most likely a problem with the decode package,
23 error not with npm itself.
23 error Tell the author that this fails on your system:
23 error     node server.js
23 error You can get information on how to open an issue for this project with:
23 error     npm bugs decode
23 error Or if that isn't available, you can get their info via:
23 error     npm owner ls decode
23 error There is likely additional logging output above.
24 verbose exit [ 1, true ]
=======
1 verbose cli [ '/usr/local/bin/node', '/usr/local/bin/npm', 'start' ]
2 info using npm@2.15.9
3 info using node@v4.5.0
4 verbose run-script [ 'prestart', 'start', 'poststart' ]
5 info prestart decode@
6 info start decode@
7 verbose unsafe-perm in lifecycle true
8 info decode@ Failed to exec start script
9 verbose stack Error: decode@ start: `node server.js`
9 verbose stack Exit status 1
9 verbose stack     at EventEmitter.<anonymous> (/usr/local/lib/node_modules/npm/lib/utils/lifecycle.js:217:16)
9 verbose stack     at emitTwo (events.js:87:13)
9 verbose stack     at EventEmitter.emit (events.js:172:7)
9 verbose stack     at ChildProcess.<anonymous> (/usr/local/lib/node_modules/npm/lib/utils/spawn.js:24:14)
9 verbose stack     at emitTwo (events.js:87:13)
9 verbose stack     at ChildProcess.emit (events.js:172:7)
9 verbose stack     at maybeClose (internal/child_process.js:829:16)
9 verbose stack     at Process.ChildProcess._handle.onexit (internal/child_process.js:211:5)
10 verbose pkgid decode@
11 verbose cwd /Users/Carolyne/Dropbox/decode Ottawa/project-apr-2017
12 error Darwin 14.5.0
13 error argv "/usr/local/bin/node" "/usr/local/bin/npm" "start"
14 error node v4.5.0
15 error npm  v2.15.9
16 error code ELIFECYCLE
17 error decode@ start: `node server.js`
17 error Exit status 1
18 error Failed at the decode@ start script 'node server.js'.
18 error This is most likely a problem with the decode package,
18 error not with npm itself.
18 error Tell the author that this fails on your system:
18 error     node server.js
18 error You can get information on how to open an issue for this project with:
18 error     npm bugs decode
18 error Or if that isn't available, you can get their info via:
18 error
18 error     npm owner ls decode
18 error There is likely additional logging output above.
19 verbose exit [ 1, true ]
>>>>>>> 9042f040dabd07ed74a37bf2ae60c3ec39a17437
